#-----------------------------------------------------------
# Vivado v2019.2 (64-bit)
# SW Build 2708876 on Wed Nov  6 21:40:23 MST 2019
# IP Build 2700528 on Thu Nov  7 00:09:20 MST 2019
# Start of session at: Tue Dec  9 18:01:44 2025
# Process ID: 30276
# Current directory: D:/Academics/ES204_DigitalSystems/Project/finalproject2/finalproject/raw/demo
# Command line: vivado.exe -gui_launcher_event rodinguilauncherevent29312 D:\Academics\ES204_DigitalSystems\Project\finalproject2\finalproject\raw\demo\demo.xpr
# Log file: D:/Academics/ES204_DigitalSystems/Project/finalproject2/finalproject/raw/demo/vivado.log
# Journal file: D:/Academics/ES204_DigitalSystems/Project/finalproject2/finalproject/raw/demo\vivado.jou
#-----------------------------------------------------------
start_gui
open_project D:/Academics/ES204_DigitalSystems/Project/finalproject2/finalproject/raw/demo/demo.xpr
INFO: [Project 1-313] Project file moved from 'D:/Courses/ES204_DigitalSystems/Project/finalproject/raw/demo' since last save.
Scanning sources...
Finished scanning sources
INFO: [IP_Flow 19-234] Refreshing IP repositories
INFO: [IP_Flow 19-1704] No user IP repositories specified
INFO: [IP_Flow 19-2313] Loaded Vivado IP repository 'D:/Xilinx/Vivado/2019.2/data/ip'.
open_project: Time (s): cpu = 00:00:16 ; elapsed = 00:00:11 . Memory (MB): peak = 1228.203 ; gain = 518.555
update_compile_order -fileset sources_1
exit
INFO: [Common 17-206] Exiting Vivado at Tue Dec  9 18:04:25 2025...
